Error: ENOENT: no such file or directory, scandir 'D:\Projects\AnimePlay\frontend\app'
    at async Object.readdir (node:internal/fs/promises:957:18)
    at async D:\Projects\AnimePlay\frontend\node_modules\next\dist\lib\recursive-readdir.js:39:29
    at async Promise.all (index 0)
    at async recursiveReadDir (D:\Projects\AnimePlay\frontend\node_modules\next\dist\lib\recursive-readdir.js:32:25)
    at async D:\Projects\AnimePlay\frontend\node_modules\next\dist\server\future\route-matcher-providers\dev\helpers\file-reader\batched-file-reader.js:71:25
    at async Promise.all (index 0)
    at async BatchedFileReader.load (D:\Projects\AnimePlay\frontend\node_modules\next\dist\server\future\route-matcher-providers\dev\helpers\file-reader\batched-file-reader.js:67:25)
    at async D:\Projects\AnimePlay\frontend\node_modules\next\dist\server\future\route-matcher-providers\dev\helpers\file-reader\batched-file-reader.js:41:26 {
  errno: -4058,
  code: 'ENOENT',
  syscall: 'scandir',
  path: 'D:\\Projects\\AnimePlay\\frontend\\app'
}
 ⨯ unhandledRejection: Error: ENOENT: no such file or directory, scandir 'D:\Projects\AnimePlay\frontend\app'
    at async Object.readdir (node:internal/fs/promises:957:18)
    at async D:\Projects\AnimePlay\frontend\node_modules\next\dist\lib\recursive-readdir.js:39:29
    at async Promise.all (index 0)
    at async recursiveReadDir (D:\Projects\AnimePlay\frontend\node_modules\next\dist\lib\recursive-readdir.js:32:25)
    at async D:\Projects\AnimePlay\frontend\node_modules\next\dist\server\future\route-matcher-providers\dev\helpers\file-reader\batched-file-reader.js:71:25
    at async Promise.all (index 0)
    at async BatchedFileReader.load (D:\Projects\AnimePlay\frontend\node_modules\next\dist\server\future\route-matcher-providers\dev\helpers\file-reader\batched-file-reader.js:67:25)
    at async D:\Projects\AnimePlay\frontend\node_modules\next\dist\server\future\route-matcher-providers\dev\helpers\file-reader\batched-file-reader.js:41:26 {
  errno: -4058,
  code: 'ENOENT',
  syscall: 'scandir',
  path: 'D:\\Projects\\AnimePlay\\frontend\\app'
}
 ⨯ unhandledRejection: Error: ENOENT: no such file or directory, scandir 'D:\Projects\AnimePlay\frontend\app'
    at async Object.readdir (node:internal/fs/promises:957:18)
    at async D:\Projects\AnimePlay\frontend\node_modules\next\dist\lib\recursive-readdir.js:39:29
    at async Promise.all (index 0)
    at async recursiveReadDir (D:\Projects\AnimePlay\frontend\node_modules\next\dist\lib\recursive-readdir.js:32:25)
    at async D:\Projects\AnimePlay\frontend\node_modules\next\dist\server\future\route-matcher-providers\dev\helpers\file-reader\batched-file-reader.js:71:25
    at async Promise.all (index 0)
    at async BatchedFileReader.load (D:\Projects\AnimePlay\frontend\node_modules\next\dist\server\future\route-matcher-providers\dev\helpers\file-reader\batched-file-reader.js:67:25)
    at async D:\Projects\AnimePlay\frontend\node_modules\next\dist\server\future\route-matcher-providers\dev\helpers\file-reader\batched-file-reader.js:41:26 {
  errno: -4058,
  code: 'ENOENT',
  syscall: 'scandir',
  path: 'D:\\Projects\\AnimePlay\\frontend\\app'
}
